<?xml version="1.0" encoding="UTF-8" ?>
<testsuite errors="0" failures="0" hostname="sk-dsktp" name="sk.tagext.TestUtils" skipped="0" tests="3" time="0.01" timestamp="2023-08-01T10:41:25">
  <properties>
    <property name="ant.project.invoked-targets" value="test" />
    <property name="java.runtime.name" value="OpenJDK Runtime Environment" />
    <property name="ant.file.shopbill" value="/home/sk/sw/tmct/webapps/todos-jsp-app/build.xml" />
    <property name="sun.boot.library.path" value="/usr/lib/jvm/java-8-openjdk-amd64/jre/lib/amd64" />
    <property name="java.vm.version" value="25.342-b07" />
    <property name="ant.library.dir" value="/usr/share/ant/lib" />
    <property name="ant.version" value="Apache Ant(TM) version 1.10.7 compiled on October 24 2019" />
    <property name="ant.java.version" value="1.8" />
    <property name="java.vm.vendor" value="Private Build" />
    <property name="java.vendor.url" value="http://java.oracle.com/" />
    <property name="path.separator" value=":" />
    <property name="java.vm.name" value="OpenJDK 64-Bit Server VM" />
    <property name="file.encoding.pkg" value="sun.io" />
    <property name="user.country" value="IN" />
    <property name="sun.java.launcher" value="SUN_STANDARD" />
    <property name="sun.os.patch.level" value="unknown" />
    <property name="java.vm.specification.name" value="Java Virtual Machine Specification" />
    <property name="user.dir" value="/home/sk/sw/tmct/webapps/todos-jsp-app" />
    <property name="java.runtime.version" value="1.8.0_342-8u342-b07-0ubuntu1~20.04-b07" />
    <property name="java.awt.graphicsenv" value="sun.awt.X11GraphicsEnvironment" />
    <property name="basedir" value="/home/sk/sw/tmct/webapps/todos-jsp-app" />
    <property name="java.endorsed.dirs" value="/usr/lib/jvm/java-8-openjdk-amd64/jre/lib/endorsed" />
    <property name="os.arch" value="amd64" />
    <property name="ant.project.default-target" value="test" />
    <property name="java.io.tmpdir" value="/tmp" />
    <property name="ant.core.lib" value="/usr/share/ant/lib/ant.jar" />
    <property name="line.separator" value="&#xa;" />
    <property name="java.vm.specification.vendor" value="Oracle Corporation" />
    <property name="os.name" value="Linux" />
    <property name="ant.home" value="/usr/share/ant" />
    <property name="ant.project.name" value="shopbill" />
    <property name="sun.jnu.encoding" value="UTF-8" />
    <property name="java.library.path" value="/usr/java/packages/lib/amd64:/usr/lib/x86_64-linux-gnu/jni:/lib/x86_64-linux-gnu:/usr/lib/x86_64-linux-gnu:/usr/lib/jni:/lib:/usr/lib" />
    <property name="java.specification.name" value="Java Platform API Specification" />
    <property name="java.class.version" value="52.0" />
    <property name="sun.management.compiler" value="HotSpot 64-Bit Tiered Compilers" />
    <property name="os.version" value="5.4.0-91-generic" />
    <property name="ant.file" value="/home/sk/sw/tmct/webapps/todos-jsp-app/build.xml" />
    <property name="user.home" value="/home/sk" />
    <property name="user.timezone" value="" />
    <property name="java.awt.printerjob" value="sun.print.PSPrinterJob" />
    <property name="java.specification.version" value="1.8" />
    <property name="file.encoding" value="UTF-8" />
    <property name="ant.file.type.shopbill" value="file" />
    <property name="java.class.path" value="/usr/share/ant/lib/ant-launcher.jar:/home/sk/sw/jr/taglibs-standard-spec-1.2.5.jar:/home/sk/sw/jr/taglibs-standard-impl-1.2.5.jar:/home/sk/sw/jr/servlet-api.jar:/home/sk/sw/jr/postgresql-42.3.1.jar:/home/sk/sw/jr/mockobjects-jdk1.3-j2ee1.3-0.09.jar:/home/sk/sw/jr/mail.jar:/home/sk/sw/jr/junit.jar:/home/sk/sw/jr/jsp-api.jar:/home/sk/sw/jr/jsf-impl.jar:/home/sk/sw/jr/jsf-api.jar:/home/sk/sw/jr/jdom.jar:/home/sk/sw/jr/jaxb-api.jar:/home/sk/sw/jr/javax.jms-api.jar:/home/sk/sw/jr/javax.ejb-api-3.2.jar:/home/sk/sw/jr/activation.jar:/home/sk/sw/tmct/webapps/todos-jsp-app/./:/home/sk/sw/tmct/webapps/todos-jsp-app/../../WEB-INF/classes:/home/sk/.ant/lib/ant-antunit-1.4.1.jar:/home/sk/.ant/lib/checkstyle-10.8.1-all.jar:/home/sk/.ant/lib/antbook-log-1.0.jar:/home/sk/.ant/lib/jsch-0.1.55.jar:/home/sk/.ant/lib/ant-contrib-0.6.jar:/home/sk/.ant/lib/ivy-2.5.1.jar:/usr/share/ant/lib/ant-jmf.jar:/usr/share/ant/lib/ant-junit4.jar:/usr/share/ant/lib/ant-apache-xalan2.jar:/usr/share/ant/lib/ant-apache-bsf.jar:/usr/share/ant/lib/ant-antlr.jar:/usr/share/ant/lib/ant-testutil.jar:/usr/share/ant/lib/ant-apache-bcel.jar:/usr/share/ant/lib/ant-javamail.jar:/usr/share/ant/lib/ant-junit.jar:/usr/share/ant/lib/ant-jsch.jar:/usr/share/ant/lib/ant-apache-log4j.jar:/usr/share/ant/lib/ant.jar:/usr/share/ant/lib/ant-jdepend.jar:/usr/share/ant/lib/ant-apache-resolver.jar:/usr/share/ant/lib/ant-commons-logging.jar:/usr/share/ant/lib/ant-apache-oro.jar:/usr/share/ant/lib/ant-swing.jar:/usr/share/ant/lib/ant-xz.jar:/usr/share/ant/lib/ant-commons-net.jar:/usr/share/ant/lib/ant-apache-regexp.jar:/usr/share/ant/lib/ant-launcher.jar:/usr/lib/jvm/java-8-openjdk-amd64/lib/tools.jar" />
    <property name="user.name" value="sk" />
    <property name="java.vm.specification.version" value="1.8" />
    <property name="sun.java.command" value="org.apache.tools.ant.launch.Launcher -cp /home/sk/sw/jr/taglibs-standard-spec-1.2.5.jar:/home/sk/sw/jr/taglibs-standard-impl-1.2.5.jar:/home/sk/sw/jr/servlet-api.jar:/home/sk/sw/jr/postgresql-42.3.1.jar:/home/sk/sw/jr/mockobjects-jdk1.3-j2ee1.3-0.09.jar:/home/sk/sw/jr/mail.jar:/home/sk/sw/jr/junit.jar:/home/sk/sw/jr/jsp-api.jar:/home/sk/sw/jr/jsf-impl.jar:/home/sk/sw/jr/jsf-api.jar:/home/sk/sw/jr/jdom.jar:/home/sk/sw/jr/jaxb-api.jar:/home/sk/sw/jr/javax.jms-api.jar:/home/sk/sw/jr/javax.ejb-api-3.2.jar:/home/sk/sw/jr/activation.jar:.:../../WEB-INF/classes:" />
    <property name="sun.arch.data.model" value="64" />
    <property name="java.home" value="/usr/lib/jvm/java-8-openjdk-amd64/jre" />
    <property name="java.specification.vendor" value="Oracle Corporation" />
    <property name="user.language" value="en" />
    <property name="awt.toolkit" value="sun.awt.X11.XToolkit" />
    <property name="java.vm.info" value="mixed mode" />
    <property name="java.version" value="1.8.0_342" />
    <property name="java.ext.dirs" value="/usr/lib/jvm/java-8-openjdk-amd64/jre/lib/ext:/usr/java/packages/lib/ext" />
    <property name="sun.boot.class.path" value="/usr/lib/jvm/java-8-openjdk-amd64/jre/lib/resources.jar:/usr/lib/jvm/java-8-openjdk-amd64/jre/lib/rt.jar:/usr/lib/jvm/java-8-openjdk-amd64/jre/lib/sunrsasign.jar:/usr/lib/jvm/java-8-openjdk-amd64/jre/lib/jsse.jar:/usr/lib/jvm/java-8-openjdk-amd64/jre/lib/jce.jar:/usr/lib/jvm/java-8-openjdk-amd64/jre/lib/charsets.jar:/usr/lib/jvm/java-8-openjdk-amd64/jre/lib/jfr.jar:/usr/lib/jvm/java-8-openjdk-amd64/jre/classes" />
    <property name="java.vendor" value="Private Build" />
    <property name="file.separator" value="/" />
    <property name="java.vendor.url.bug" value="http://bugreport.sun.com/bugreport/" />
    <property name="sun.cpu.endian" value="little" />
    <property name="sun.io.unicode.encoding" value="UnicodeLittle" />
    <property name="ant.file.type" value="file" />
    <property name="sun.desktop" value="gnome" />
    <property name="sun.cpu.isalist" value="" />
  </properties>
  <testcase classname="sk.tagext.TestUtils" name="testDrtnForPast" time="0.003" />
  <testcase classname="sk.tagext.TestUtils" name="testDrtnForToday" time="0.001" />
  <testcase classname="sk.tagext.TestUtils" name="testDrtnForFuture" time="0.0" />
  <system-out><![CDATA[]]></system-out>
  <system-err><![CDATA[]]></system-err>
</testsuite>
